mode: set
tsc_demo/backend/monitor/monitor.go:17.59,19.2 1 0
tsc_demo/backend/monitor/monitor.go:22.53,23.40 1 1
tsc_demo/backend/monitor/monitor.go:26.2,26.36 1 1
tsc_demo/backend/monitor/monitor.go:23.40,25.3 1 1
tsc_demo/backend/monitor/monitor.go:31.110,35.16 3 1
tsc_demo/backend/monitor/monitor.go:40.2,41.32 2 1
tsc_demo/backend/monitor/monitor.go:46.2,47.36 2 1
tsc_demo/backend/monitor/monitor.go:56.2,56.21 1 1
tsc_demo/backend/monitor/monitor.go:35.16,37.3 1 1
tsc_demo/backend/monitor/monitor.go:41.32,43.3 1 1
tsc_demo/backend/monitor/monitor.go:47.36,49.45 1 1
tsc_demo/backend/monitor/monitor.go:54.3,54.37 1 1
tsc_demo/backend/monitor/monitor.go:49.45,51.4 1 1
tsc_demo/backend/monitor/monitor.go:51.9,53.4 1 1
